<?xml version="1.0" encoding="UTF-8" ?>
<testsuite tests="1" failures="1" name="asd.demo.test.UTest" time="0.003" errors="0" skipped="0">
  <properties>
[...]
</properties>
  <testcase classname="asd.demo.test.UTest" name="testMongoDBConnect" time="0.001">
    <failure message="Cannot establish connection to MDB" type="java.lang.AssertionError">java.lang.AssertionError: Cannot establish connection to MDB
	at org.junit.Assert.fail(Assert.java:88)
	at org.junit.Assert.assertTrue(Assert.java:41)
	at org.junit.Assert.assertNotNull(Assert.java:712)
	at asd.demo.test.UTest.testMongoDBConnect(UTest.java:32)
	at sun.reflect.NativeMethodAccessorImpl.invoke0(Native Method)
	at sun.reflect.NativeMethodAccessorImpl.invoke(NativeMethodAccessorImpl.java:62)
	at sun.reflect.DelegatingMethodAccessorImpl.invoke(DelegatingMethodAccessorImpl.java:43)
	at java.lang.reflect.Method.invoke(Method.java:498)
	at org.junit.runners.model.FrameworkMethod$1.runReflectiveCall(FrameworkMethod.java:50)
	at org.junit.internal.runners.model.ReflectiveCallable.run(ReflectiveCallable.java:12)
	at org.junit.runners.model.FrameworkMethod.invokeExplosively(FrameworkMethod.java:47)
	at org.junit.internal.runners.statements.InvokeMethod.evaluate(InvokeMethod.java:17)
	at org.junit.runners.ParentRunner.runLeaf(ParentRunner.java:325)
	at org.junit.runners.BlockJUnit4ClassRunner.runChild(BlockJUnit4ClassRunner.java:78)
	at org.junit.runners.BlockJUnit4ClassRunner.runChild(BlockJUnit4ClassRunner.java:57)
	at org.junit.runners.ParentRunner$3.run(ParentRunner.java:290)
	at org.junit.runners.ParentRunner$1.schedule(ParentRunner.java:71)
	at org.junit.runners.ParentRunner.runChildren(ParentRunner.java:288)
	at org.junit.runners.ParentRunner.access$000(ParentRunner.java:58)
	at org.junit.runners.ParentRunner$2.evaluate(ParentRunner.java:268)
	at org.junit.internal.runners.statements.RunBefores.evaluate(RunBefores.java:26)
	at org.junit.runners.ParentRunner.run(ParentRunner.java:363)
	at org.apache.maven.surefire.junit4.JUnit4TestSet.execute(JUnit4TestSet.java:53)
	at org.apache.maven.surefire.junit4.JUnit4Provider.executeTestSet(JUnit4Provider.java:123)
	at org.apache.maven.surefire.junit4.JUnit4Provider.invoke(JUnit4Provider.java:104)
	at sun.reflect.NativeMethodAccessorImpl.invoke0(Native Method)
	at sun.reflect.NativeMethodAccessorImpl.invoke(NativeMethodAccessorImpl.java:62)
	at sun.reflect.DelegatingMethodAccessorImpl.invoke(DelegatingMethodAccessorImpl.java:43)
	at java.lang.reflect.Method.invoke(Method.java:498)
	at org.apache.maven.surefire.util.ReflectionUtils.invokeMethodWithArray(ReflectionUtils.java:164)
	at org.apache.maven.surefire.booter.ProviderFactory$ProviderProxy.invoke(ProviderFactory.java:110)
	at org.apache.maven.surefire.booter.SurefireStarter.invokeProvider(SurefireStarter.java:175)
	at org.apache.maven.surefire.booter.SurefireStarter.runSuitesInProcessWhenForked(SurefireStarter.java:107)
	at org.apache.maven.surefire.booter.ForkedBooter.main(ForkedBooter.java:68)
</failure>
    <system-out>
  Scenario: Successful view of items with &quot;car&quot; category &amp;#27;[90m# SearchFeature.feature:12&amp;#27;[0m
    &amp;#27;[33mWhen &amp;#27;[0m&amp;#27;[33mI fill in &quot;Searchbox&quot; with &quot;car&quot;&amp;#27;[0m
    &amp;#27;[33mAnd &amp;#27;[0m&amp;#27;[33mI select the &quot;Category&quot; radio button&amp;#27;[0m
    &amp;#27;[33mThen &amp;#27;[0m&amp;#27;[33mI should see items with category &quot;car&quot;&amp;#27;[0m

  Scenario Outline: Failed to view items with &quot;car&quot; category using wrong category &amp;#27;[90m# SearchFeature.feature:17&amp;#27;[0m
    &amp;#27;[36mWhen &amp;#27;[0m&amp;#27;[36mI fill &quot;Searchbox&quot; with nothing&amp;#27;[0m
    &amp;#27;[36mAnd &amp;#27;[0m&amp;#27;[36mI select the &quot;Category&quot; radio button&amp;#27;[0m
    &amp;#27;[36mThen &amp;#27;[0m&amp;#27;[36mI should see no items&amp;#27;[0m

1 Scenarios (&amp;#27;[33m1 undefined&amp;#27;[0m)
4 Steps (&amp;#27;[33m4 undefined&amp;#27;[0m)
0m0.000s


You can implement missing steps with the snippets below:

@Given(&quot;^I am on the home page$&quot;)
public void i_am_on_the_home_page() throws Throwable {
    // Write code here that turns the phrase above into concrete actions
    throw new PendingException();
}

@When(&quot;^I fill in \&quot;([^\&quot;]*)\&quot; with \&quot;([^\&quot;]*)\&quot;$&quot;)
public void i_fill_in_with(String arg1, String arg2) throws Throwable {
    // Write code here that turns the phrase above into concrete actions
    throw new PendingException();
}

@When(&quot;^I select the \&quot;([^\&quot;]*)\&quot; radio button$&quot;)
public void i_select_the_radio_button(String arg1) throws Throwable {
    // Write code here that turns the phrase above into concrete actions
    throw new PendingException();
}

@Then(&quot;^I should see items with category \&quot;([^\&quot;]*)\&quot;$&quot;)
public void i_should_see_items_with_category(String arg1) throws Throwable {
    // Write code here that turns the phrase above into concrete actions
    throw new PendingException();
}


&lt;-- Starting Unit test --&gt;
</system-out>
  </testcase>
</testsuite>