<?xml version="1.0" encoding="UTF-8" ?>
<testsuite tests="30" failures="0" name="asd.demo.test.RunTest" time="0.851" errors="0" skipped="25">
  <properties>
[...]
</properties>
  <testcase classname="Scenario: Successful login to mLab" name="Given I am on mLab login page" time="0.004">
    <skipped/>
  </testcase>
  <testcase classname="Scenario: Successful login to mLab" name="When I fill in \&quot;Username\&quot; with \&quot;&lt;mLab username&gt;\&quot;" time="0.011">
    <skipped/>
  </testcase>
  <testcase classname="Scenario: Successful login to mLab" name="And I fill in \&quot;Password\&quot; with \&quot;&lt;mLab Password&gt;\&quot;" time="0.011">
    <skipped/>
  </testcase>
  <testcase classname="Scenario: Successful login to mLab" name="Then I should see \&quot;mLab Connection\&quot; green" time="0.011">
    <skipped/>
  </testcase>
  <testcase classname="Scenario: Successful login to mLab" name="Scenario: Successful login to mLab" time="0.011">
    <skipped/>
  </testcase>
  <testcase classname="Scenario: Successful login to mLab" name="Scenario: Successful login to mLab" time="0.011"/>
  <testcase classname="| Test | !23 | Incorrect credentials. Try again! |" name="Given I am on mLab login page" time="0.001">
    <skipped/>
  </testcase>
  <testcase classname="| Test | !23 | Incorrect credentials. Try again! |" name="When I fill in \&quot;Username\&quot; with \&quot;Test\&quot;" time="0.005">
    <skipped/>
  </testcase>
  <testcase classname="| Test | !23 | Incorrect credentials. Try again! |" name="And I fill in \&quot;Password\&quot; with \&quot;!23\&quot;" time="0.005">
    <skipped/>
  </testcase>
  <testcase classname="| Test | !23 | Incorrect credentials. Try again! |" name="Then I should see \&quot;mLab Connection\&quot; red" time="0.006">
    <skipped/>
  </testcase>
  <testcase classname="| Test | !23 | Incorrect credentials. Try again! |" name="| Test | !23 | Incorrect credentials. Try again! |" time="0.009">
    <skipped/>
  </testcase>
  <testcase classname="| Test | !23 | Incorrect credentials. Try again! |" name="| Test | !23 | Incorrect credentials. Try again! |" time="0.009"/>
  <testcase classname="| Test |  | Please enter password. |" name="Given I am on mLab login page" time="0.013">
    <skipped/>
  </testcase>
  <testcase classname="| Test |  | Please enter password. |" name="When I fill in \&quot;Username\&quot; with \&quot;Test\&quot;" time="0.013">
    <skipped/>
  </testcase>
  <testcase classname="| Test |  | Please enter password. |" name="And I fill in \&quot;Password\&quot; with \&quot;\&quot;" time="0.013">
    <skipped/>
  </testcase>
  <testcase classname="| Test |  | Please enter password. |" name="Then I should see \&quot;mLab Connection\&quot; red" time="0.014">
    <skipped/>
  </testcase>
  <testcase classname="| Test |  | Please enter password. |" name="| Test |  | Please enter password. |" time="0.014">
    <skipped/>
  </testcase>
  <testcase classname="| Test |  | Please enter password. |" name="| Test |  | Please enter password. |" time="0.014"/>
  <testcase classname="|  | 123 | Please enter username. |" name="Given I am on mLab login page" time="0.002">
    <skipped/>
  </testcase>
  <testcase classname="|  | 123 | Please enter username. |" name="When I fill in \&quot;Username\&quot; with \&quot;\&quot;" time="0.005">
    <skipped/>
  </testcase>
  <testcase classname="|  | 123 | Please enter username. |" name="And I fill in \&quot;Password\&quot; with \&quot;123\&quot;" time="0.005">
    <skipped/>
  </testcase>
  <testcase classname="|  | 123 | Please enter username. |" name="Then I should see \&quot;mLab Connection\&quot; red" time="0.006">
    <skipped/>
  </testcase>
  <testcase classname="|  | 123 | Please enter username. |" name="|  | 123 | Please enter username. |" time="0.006">
    <skipped/>
  </testcase>
  <testcase classname="|  | 123 | Please enter username. |" name="|  | 123 | Please enter username. |" time="0.006"/>
  <testcase classname="|  |  | Please enter your credentials. |" name="Given I am on mLab login page" time="0.002">
    <skipped/>
  </testcase>
  <testcase classname="|  |  | Please enter your credentials. |" name="When I fill in \&quot;Username\&quot; with \&quot;\&quot;" time="0.003">
    <skipped/>
  </testcase>
  <testcase classname="|  |  | Please enter your credentials. |" name="And I fill in \&quot;Password\&quot; with \&quot;\&quot;" time="0.004">
    <skipped/>
  </testcase>
  <testcase classname="|  |  | Please enter your credentials. |" name="Then I should see \&quot;mLab Connection\&quot; red" time="0.004">
    <skipped/>
  </testcase>
  <testcase classname="|  |  | Please enter your credentials. |" name="|  |  | Please enter your credentials. |" time="0.004">
    <skipped/>
  </testcase>
  <testcase classname="|  |  | Please enter your credentials. |" name="|  |  | Please enter your credentials. |" time="0.005"/>
</testsuite>